0 info it worked if it ends with ok
1 verbose cli [ 'C:\\Program Files\\nodejs\\node.exe',
1 verbose cli   'C:\\Program Files\\nodejs\\node_modules\\npm\\bin\\npm-cli.js',
1 verbose cli   'publish',
1 verbose cli   'generator-static-pages' ]
2 info using npm@2.14.2
3 info using node@v4.0.0
4 verbose publish [ 'generator-static-pages' ]
5 silly cache add args [ 'generator-static-pages', null ]
6 verbose cache add spec generator-static-pages
7 silly cache add parsed spec Result {
7 silly cache add   raw: 'generator-static-pages',
7 silly cache add   scope: null,
7 silly cache add   name: 'generator-static-pages',
7 silly cache add   rawSpec: '',
7 silly cache add   spec: '*',
7 silly cache add   type: 'range' }
8 silly addNamed generator-static-pages@*
9 verbose addNamed "*" is a valid semver range for generator-static-pages
10 silly addNameRange { name: 'generator-static-pages', range: '*', hasData: false }
11 silly mapToRegistry name generator-static-pages
12 silly mapToRegistry using default registry
13 silly mapToRegistry registry https://registry.npmjs.org/
14 silly mapToRegistry uri https://registry.npmjs.org/generator-static-pages
15 verbose addNameRange registry:https://registry.npmjs.org/generator-static-pages not in flight; fetching
16 verbose request uri https://registry.npmjs.org/generator-static-pages
17 verbose request no auth needed
18 info attempt registry request try #1 at 15:46:58
19 verbose request id 819f99aaa8a844b7
20 http request GET https://registry.npmjs.org/generator-static-pages
21 http 404 https://registry.npmjs.org/generator-static-pages
22 verbose headers { 'content-type': 'application/json',
22 verbose headers   'cache-control': 'max-age=0',
22 verbose headers   'content-length': '2',
22 verbose headers   'accept-ranges': 'bytes',
22 verbose headers   date: 'Wed, 16 Sep 2015 13:46:58 GMT',
22 verbose headers   via: '1.1 varnish',
22 verbose headers   age: '0',
22 verbose headers   connection: 'keep-alive',
22 verbose headers   'x-served-by': 'cache-fra1248-FRA',
22 verbose headers   'x-cache': 'MISS',
22 verbose headers   'x-cache-hits': '0',
22 verbose headers   'x-timer': 'S1442411218.508582,VS0,VE185' }
23 silly get cb [ 404,
23 silly get   { 'content-type': 'application/json',
23 silly get     'cache-control': 'max-age=0',
23 silly get     'content-length': '2',
23 silly get     'accept-ranges': 'bytes',
23 silly get     date: 'Wed, 16 Sep 2015 13:46:58 GMT',
23 silly get     via: '1.1 varnish',
23 silly get     age: '0',
23 silly get     connection: 'keep-alive',
23 silly get     'x-served-by': 'cache-fra1248-FRA',
23 silly get     'x-cache': 'MISS',
23 silly get     'x-cache-hits': '0',
23 silly get     'x-timer': 'S1442411218.508582,VS0,VE185' } ]
24 verbose stack Error: Registry returned 404 for GET on https://registry.npmjs.org/generator-static-pages
24 verbose stack     at makeError (C:\Program Files\nodejs\node_modules\npm\node_modules\npm-registry-client\lib\request.js:263:12)
24 verbose stack     at CachingRegistryClient.<anonymous> (C:\Program Files\nodejs\node_modules\npm\node_modules\npm-registry-client\lib\request.js:241:14)
24 verbose stack     at Request._callback (C:\Program Files\nodejs\node_modules\npm\node_modules\npm-registry-client\lib\request.js:171:14)
24 verbose stack     at Request.self.callback (C:\Program Files\nodejs\node_modules\npm\node_modules\request\request.js:198:22)
24 verbose stack     at emitTwo (events.js:87:13)
24 verbose stack     at Request.emit (events.js:172:7)
24 verbose stack     at Request.<anonymous> (C:\Program Files\nodejs\node_modules\npm\node_modules\request\request.js:1073:14)
24 verbose stack     at emitOne (events.js:82:20)
24 verbose stack     at Request.emit (events.js:169:7)
24 verbose stack     at IncomingMessage.<anonymous> (C:\Program Files\nodejs\node_modules\npm\node_modules\request\request.js:1019:12)
25 verbose statusCode 404
26 verbose pkgid generator-static-pages
27 verbose cwd C:\workspace\2015\kettydo\static-page-generator\trunk
28 error Windows_NT 6.1.7601
29 error argv "C:\\Program Files\\nodejs\\node.exe" "C:\\Program Files\\nodejs\\node_modules\\npm\\bin\\npm-cli.js" "publish" "generator-static-pages"
30 error node v4.0.0
31 error npm  v2.14.2
32 error code E404
33 error 404 Registry returned 404 for GET on https://registry.npmjs.org/generator-static-pages
33 error 404
33 error 404 'generator-static-pages' is not in the npm registry.
33 error 404 You should bug the author to publish it (or use the name yourself!)
33 error 404
33 error 404 Note that you can also install from a
33 error 404 tarball, folder, http url, or git url.
34 verbose exit [ 1, true ]
